# JRE version: Java(TM) SE Runtime Environment (8.0_201-b09) (build 1.8.0_201-b09)
# Java VM: Java HotSpot(TM) 64-Bit Server VM (25.201-b09 mixed mode linux-amd64 compressed oops)
Heap:
 PSYoungGen      total 203776K, used 0K [0x00000000eab00000, 0x00000000fba00000, 0x0000000100000000)
  eden space 156672K, 0% used [0x00000000eab00000,0x00000000eab00000,0x00000000f4400000)
  from space 47104K, 0% used [0x00000000f7480000,0x00000000f7480000,0x00000000fa280000)
  to   space 49664K, 0% used [0x00000000f4400000,0x00000000f4400000,0x00000000f7480000)
 ParOldGen       total 158208K, used 89710K [0x00000000c0000000, 0x00000000c9a80000, 0x00000000eab00000)
  object space 158208K, 56% used [0x00000000c0000000,0x00000000c579b8c8,0x00000000c9a80000)
 Metaspace       used 72533K, capacity 75290K, committed 75776K, reserved 1114112K
  class space    used 9886K, capacity 10588K, committed 10752K, reserved 1048576K
GC Heap History (10 events):
Event: 59.255 GC heap after
Heap after GC invocations=21 (full 3):
 PSYoungGen      total 139776K, used 13127K [0x00000000eab00000, 0x00000000f4d80000, 0x0000000100000000)
  eden space 118272K, 0% used [0x00000000eab00000,0x00000000eab00000,0x00000000f1e80000)
  from space 21504K, 61% used [0x00000000f3880000,0x00000000f4551ce0,0x00000000f4d80000)
  to   space 24064K, 0% used [0x00000000f1e80000,0x00000000f1e80000,0x00000000f3600000)
 ParOldGen       total 158208K, used 39335K [0x00000000c0000000, 0x00000000c9a80000, 0x00000000eab00000)
  object space 158208K, 24% used [0x00000000c0000000,0x00000000c2669fb8,0x00000000c9a80000)
 Metaspace       used 63279K, capacity 65320K, committed 65408K, reserved 1105920K
  class space    used 8739K, capacity 9289K, committed 9344K, reserved 1048576K
}
Event: 65.182 GC heap before
{Heap before GC invocations=22 (full 3):
 PSYoungGen      total 139776K, used 131253K [0x00000000eab00000, 0x00000000f4d80000, 0x0000000100000000)
  eden space 118272K, 99% used [0x00000000eab00000,0x00000000f1e5b848,0x00000000f1e80000)
  from space 21504K, 61% used [0x00000000f3880000,0x00000000f4551ce0,0x00000000f4d80000)
  to   space 24064K, 0% used [0x00000000f1e80000,0x00000000f1e80000,0x00000000f3600000)
 ParOldGen       total 158208K, used 39335K [0x00000000c0000000, 0x00000000c9a80000, 0x00000000eab00000)
  object space 158208K, 24% used [0x00000000c0000000,0x00000000c2669fb8,0x00000000c9a80000)
 Metaspace       used 70958K, capacity 73768K, committed 73984K, reserved 1112064K
  class space    used 9701K, capacity 10385K, committed 10496K, reserved 1048576K
Event: 65.252 GC heap after
Heap after GC invocations=22 (full 3):
 PSYoungGen      total 142336K, used 24037K [0x00000000eab00000, 0x00000000f6580000, 0x0000000100000000)
  eden space 118272K, 0% used [0x00000000eab00000,0x00000000eab00000,0x00000000f1e80000)
  from space 24064K, 99% used [0x00000000f1e80000,0x00000000f35f9618,0x00000000f3600000)
  to   space 27648K, 0% used [0x00000000f4a80000,0x00000000f4a80000,0x00000000f6580000)
 ParOldGen       total 158208K, used 40000K [0x00000000c0000000, 0x00000000c9a80000, 0x00000000eab00000)
  object space 158208K, 25% used [0x00000000c0000000,0x00000000c2710028,0x00000000c9a80000)
 Metaspace       used 70958K, capacity 73768K, committed 73984K, reserved 1112064K
  class space    used 9701K, capacity 10385K, committed 10496K, reserved 1048576K
}
Event: 69.554 GC heap before
{Heap before GC invocations=23 (full 3):
 PSYoungGen      total 142336K, used 141741K [0x00000000eab00000, 0x00000000f6580000, 0x0000000100000000)
  eden space 118272K, 99% used [0x00000000eab00000,0x00000000f1df2098,0x00000000f1e80000)
  from space 24064K, 99% used [0x00000000f1e80000,0x00000000f35f9618,0x00000000f3600000)
  to   space 27648K, 0% used [0x00000000f4a80000,0x00000000f4a80000,0x00000000f6580000)
 ParOldGen       total 158208K, used 42048K [0x00000000c0000000, 0x00000000c9a80000, 0x00000000eab00000)
  object space 158208K, 26% used [0x00000000c0000000,0x00000000c2910038,0x00000000c9a80000)
 Metaspace       used 72376K, capacity 75318K, committed 75392K, reserved 1114112K
  class space    used 9892K, capacity 10576K, committed 10624K, reserved 1048576K
Event: 69.628 GC heap after
Heap after GC invocations=23 (full 3):
 PSYoungGen      total 157184K, used 27641K [0x00000000eab00000, 0x00000000f7280000, 0x0000000100000000)
  eden space 129536K, 0% used [0x00000000eab00000,0x00000000eab00000,0x00000000f2980000)
  from space 27648K, 99% used [0x00000000f4a80000,0x00000000f657e570,0x00000000f6580000)
  to   space 33792K, 0% used [0x00000000f2980000,0x00000000f2980000,0x00000000f4a80000)
 ParOldGen       total 158208K, used 48069K [0x00000000c0000000, 0x00000000c9a80000, 0x00000000eab00000)
  object space 158208K, 30% used [0x00000000c0000000,0x00000000c2ef17e0,0x00000000c9a80000)
 Metaspace       used 72376K, capacity 75318K, committed 75392K, reserved 1114112K
  class space    used 9892K, capacity 10576K, committed 10624K, reserved 1048576K
}
Event: 70.432 GC heap before
{Heap before GC invocations=24 (full 3):
 PSYoungGen      total 157184K, used 157177K [0x00000000eab00000, 0x00000000f7280000, 0x0000000100000000)
  eden space 129536K, 100% used [0x00000000eab00000,0x00000000f2980000,0x00000000f2980000)
  from space 27648K, 99% used [0x00000000f4a80000,0x00000000f657e570,0x00000000f6580000)
  to   space 33792K, 0% used [0x00000000f2980000,0x00000000f2980000,0x00000000f4a80000)
 ParOldGen       total 158208K, used 53048K [0x00000000c0000000, 0x00000000c9a80000, 0x00000000eab00000)
  object space 158208K, 33% used [0x00000000c0000000,0x00000000c33ce280,0x00000000c9a80000)
 Metaspace       used 72466K, capacity 75394K, committed 75648K, reserved 1114112K
  class space    used 9894K, capacity 10578K, committed 10624K, reserved 1048576K
Event: 70.492 GC heap after
Heap after GC invocations=24 (full 3):
 PSYoungGen      total 163328K, used 33782K [0x00000000eab00000, 0x00000000fa280000, 0x0000000100000000)
  eden space 129536K, 0% used [0x00000000eab00000,0x00000000eab00000,0x00000000f2980000)
  from space 33792K, 99% used [0x00000000f2980000,0x00000000f4a7d968,0x00000000f4a80000)
  to   space 47104K, 0% used [0x00000000f7480000,0x00000000f7480000,0x00000000fa280000)
 ParOldGen       total 158208K, used 74832K [0x00000000c0000000, 0x00000000c9a80000, 0x00000000eab00000)
  object space 158208K, 47% used [0x00000000c0000000,0x00000000c4914338,0x00000000c9a80000)
 Metaspace       used 72466K, capacity 75394K, committed 75648K, reserved 1114112K
  class space    used 9894K, capacity 10578K, committed 10624K, reserved 1048576K
}
Event: 71.400 GC heap before
{Heap before GC invocations=25 (full 3):
 PSYoungGen      total 163328K, used 163028K [0x00000000eab00000, 0x00000000fa280000, 0x0000000100000000)
  eden space 129536K, 99% used [0x00000000eab00000,0x00000000f2937950,0x00000000f2980000)
  from space 33792K, 99% used [0x00000000f2980000,0x00000000f4a7d968,0x00000000f4a80000)
  to   space 47104K, 0% used [0x00000000f7480000,0x00000000f7480000,0x00000000fa280000)
 ParOldGen       total 158208K, used 139345K [0x00000000c0000000, 0x00000000c9a80000, 0x00000000eab00000)
  object space 158208K, 88% used [0x00000000c0000000,0x00000000c8814728,0x00000000c9a80000)
 Metaspace       used 72636K, capacity 75606K, committed 75776K, reserved 1114112K
  class space    used 9920K, capacity 10646K, committed 10752K, reserved 1048576K
Event: 84.553 GC heap after
Heap after GC invocations=25 (full 3):
 PSYoungGen      total 203776K, used 33710K [0x00000000eab00000, 0x00000000fba00000, 0x0000000100000000)
  eden space 156672K, 0% used [0x00000000eab00000,0x00000000eab00000,0x00000000f4400000)
  from space 47104K, 71% used [0x00000000f7480000,0x00000000f956bae8,0x00000000fa280000)
  to   space 49664K, 0% used [0x00000000f4400000,0x00000000f4400000,0x00000000f7480000)
 ParOldGen       total 158208K, used 145612K [0x00000000c0000000, 0x00000000c9a80000, 0x00000000eab00000)
  object space 158208K, 92% used [0x00000000c0000000,0x00000000c8e33318,0x00000000c9a80000)
 Metaspace       used 72636K, capacity 75606K, committed 75776K, reserved 1114112K
  class space    used 9920K, capacity 10646K, committed 10752K, reserved 1048576K
}
Event: 85.374 GC heap before
{Heap before GC invocations=26 (full 4):
 PSYoungGen      total 203776K, used 33710K [0x00000000eab00000, 0x00000000fba00000, 0x0000000100000000)
  eden space 156672K, 0% used [0x00000000eab00000,0x00000000eab00000,0x00000000f4400000)
  from space 47104K, 71% used [0x00000000f7480000,0x00000000f956bae8,0x00000000fa280000)
  to   space 49664K, 0% used [0x00000000f4400000,0x00000000f4400000,0x00000000f7480000)
 ParOldGen       total 158208K, used 145612K [0x00000000c0000000, 0x00000000c9a80000, 0x00000000eab00000)
  object space 158208K, 92% used [0x00000000c0000000,0x00000000c8e33318,0x00000000c9a80000)
 Metaspace       used 72636K, capacity 75606K, committed 75776K, reserved 1114112K
  class space    used 9920K, capacity 10646K, committed 10752K, reserved 1048576K

